SF:lib\appBrain\location.dart
DA:2,1
LF:1
LH:1
end_of_record
SF:lib\appBrain\TravelDestination.dart
DA:5,3
DA:33,0
DA:35,0
DA:36,0
DA:37,0
DA:40,0
DA:46,0
DA:47,0
DA:49,0
DA:50,0
DA:51,0
DA:53,0
DA:54,0
DA:55,0
DA:56,0
DA:57,0
DA:58,0
DA:59,0
DA:60,0
DA:63,0
DA:68,0
DA:69,0
DA:71,0
DA:72,0
DA:73,0
DA:75,0
DA:76,0
DA:77,0
DA:78,0
DA:79,0
DA:80,0
DA:81,0
DA:82,0
DA:85,0
LF:34
LH:1
end_of_record
SF:lib\appBrain\placeInformation.dart
DA:9,2
LF:1
LH:1
end_of_record
SF:lib\appBrain\PlaceReview.dart
DA:5,1
LF:1
LH:1
end_of_record
SF:lib\appBrain\UserReview.dart
DA:4,2
LF:1
LH:1
end_of_record
